<?xml version="1.0" encoding="UTF-8"?>
<testsuite name="RetrofitTest" tests="1" skipped="0" failures="0" errors="0" timestamp="2021-06-20T05:52:37" hostname="DESKTOP-V4P6Q90" time="1.795">
  <properties/>
  <testcase name="callHistoryApiTest()" classname="RetrofitTest" time="1.795"/>
  <system-out><![CDATA[{"All":{"dates":{"2021-01-24":2197229,"2020-08-07":755880,"2021-01-25":2208459,"2020-08-06":749186,"2021-01-22":2174370,"2020-08-05":742295,"2021-01-23":2188105,"2020-08-04":734810,"2021-01-20":2140986,"2021-01-21":2158143,"2020-08-09":766753,"2020-08-08":761952,"2020-07-30":705689,"2020-07-31":712270,"2020-08-03":727819,"2020-08-02":722754,"2020-08-01":718351,"2021-01-19":2122942,"2021-01-17":2096220,"2021-01-18":2105982,"2021-01-15":2073757,"2021-01-16":2087349,"2021-01-13":2042960,"2020-08-18":821901,"2021-01-14":2058638,"2020-08-17":814686,"2021-01-11":2008801,"2020-08-16":810163,"2021-01-12":2026096,"2020-08-15":805535,"2021-01-10":1998452,"2020-08-19":829019,"2020-08-10":772480,"2020-08-14":799530,"2020-08-13":792868,"2020-08-12":786039,"2020-08-11":779093,"2021-01-08":1976872,"2021-01-09":1989886,"2021-01-06":1946507,"2021-01-07":1961627,"2021-01-04":1915863,"2021-01-05":1931393,"2021-02-14":2471442,"2020-07-16":620450,"2021-02-15":2478841,"2020-07-17":627494,"2021-02-12":2454535,"2020-07-14":608419,"2021-02-13":2464854,"2020-07-15":614265,"2021-02-10":2427669,"2021-02-11":2441402,"2020-07-18":634064,"2020-07-19":638745,"2020-07-12":598091,"2020-07-13":602404,"2020-07-10":588507,"2020-07-11":593716,"2021-02-09":2413762,"2021-02-07":2388741,"2021-02-08":2397726,"2021-02-05":2370134,"2021-02-06":2380550,"2021-02-03":2340054,"2020-07-27":685314,"2021-02-04":2352964,"2020-07-28":692036,"2021-02-01":2308649,"2020-07-25":675757,"2021-02-02":2323941,"2020-07-26":680084,"2021-01-31":2297968,"2020-07-29":699047,"2021-01-30":2289417,"2020-07-20":642772,"2020-07-23":663149,"2020-07-24":669607,"2020-07-21":649170,"2020-07-22":656525,"2021-01-28":2260408,"2021-01-29":2275889,"2021-01-26":2226066,"2021-01-27":2243255,"2020-06-26":518706,"2020-06-27":523498,"2020-06-24":508587,"2020-06-25":513623,"2020-06-28":527013,"2020-06-29":531037,"2020-06-22":497475,"2020-06-23":503048,"2020-06-20":489140,"2020-06-21":493738,"2020-07-05":560889,"2020-07-06":565123,"2020-07-03":552266,"2020-07-04":557059,"2020-07-09":582878,"2020-07-07":571463,"2020-07-08":577091,"2020-06-30":536240,"2020-07-01":541549,"2020-07-02":546972,"2021-01-02":1898158,"2020-06-04":411108,"2021-01-03":1905609,"2020-06-05":416168,"2020-06-02":399829,"2021-01-01":1889573,"2020-06-03":405670,"2020-06-08":427734,"2020-06-09":432943,"2020-06-06":420383,"2020-06-07":423569,"2020-06-01":394627,"2020-05-30":387957,"2020-05-31":391115,"2020-06-15":460237,"2020-06-16":467375,"2020-06-13":452758,"2020-06-14":456400,"2020-06-19":484623,"2020-06-17":472931,"2020-06-18":478239,"2020-06-11":443487,"2020-06-12":448296,"2020-06-10":438419,"2021-04-17":3109803,"2020-05-14":314929,"2021-04-16":3097255,"2020-05-15":320569,"2021-04-15":3084011,"2020-05-12":303877,"2021-04-14":3070343,"2020-05-13":309358,"2021-04-13":3056248,"2020-05-18":332844,"2021-04-12":3042432,"2020-05-19":337984,"2021-04-11":3032551,"2020-05-16":325124,"2021-04-10":3023176,"2020-05-17":328692,"2020-05-10":294040,"2020-05-11":297975,"2020-05-09":290029,"2021-04-09":3010328,"2021-04-08":2996438,"2021-04-07":2981611,"2021-04-06":2966287,"2020-05-25":363338,"2021-04-05":2953669,"2020-05-26":368002,"2021-04-04":2945949,"2020-05-23":358247,"2021-04-03":2938575,"2020-05-24":361722,"2021-04-02":2929452,"2020-05-29":383572,"2021-04-01":2918781,"2020-05-27":373403,"2021-03-31":2906377,"2020-05-28":378413,"2021-03-30":2893557,"2020-05-21":348255,"2020-05-22":353935,"2020-05-20":343176,"2021-05-01":3297426,"2021-05-02":3307423,"2021-05-03":3319224,"2021-05-04":3333283,"2021-05-05":3348163,"2021-05-06":3362815,"2021-03-29":2881465,"2021-05-07":3377211,"2021-03-28":2873007,"2020-04-23":199194,"2020-04-22":192163,"2020-04-25":211993,"2020-04-24":206139,"2020-04-27":221244,"2020-04-26":216238,"2020-04-29":235032,"2020-04-28":228062,"2021-04-30":3284162,"2020-04-21":185132,"2020-04-20":177704,"2020-04-19":171674,"2021-04-29":3270147,"2021-04-28":3254406,"2020-05-03":256239,"2021-04-27":3238359,"2020-05-04":260841,"2021-04-26":3223405,"2020-05-01":246569,"2021-04-25":3211777,"2020-05-02":252393,"2021-04-24":3201351,"2020-05-07":279521,"2021-04-23":3188066,"2020-05-08":285434,"2021-04-22":3172881,"2020-05-05":266963,"2021-04-21":3158996,"2020-05-06":273830,"2021-04-20":3144050,"2020-04-30":241088,"2021-04-19":3129740,"2021-04-18":3118850,"2021-03-05":2659654,"2020-04-01":50633,"2021-03-04":2648992,"2021-03-03":2638700,"2020-04-03":62702,"2021-03-02":2626974,"2020-04-02":56527,"2021-03-01":2616599,"2020-04-05":73888,"2020-04-04":68654,"2020-04-07":88160,"2020-04-06":79856,"2020-03-31":44623,"2020-03-30":39860,"2020-03-29":35768,"2021-02-27":2602613,"2021-02-28":2608732,"2021-02-25":2583285,"2020-04-12":122499,"2021-02-26":2593987,"2020-04-11":116560,"2021-02-23":2560226,"2020-04-14":135626,"2021-02-24":2572640,"2020-04-13":128553,"2021-02-21":2541081,"2020-04-16":151579,"2021-02-22":2548513,"2020-04-15":144202,"2020-04-18":166336,"2021-02-20":2534715,"2020-04-17":160105,"2020-04-10":110301,"2020-04-09":102873,"2020-04-08":95001,"2021-02-18":2514166,"2021-02-19":2525872,"2021-02-16":2490435,"2021-02-17":2502327,"2021-03-27":2865776,"2020-03-11":4613,"2021-03-26":2855647,"2020-03-10":4269,"2021-03-25":2842758,"2020-03-13":5417,"2021-03-24":2831078,"2020-03-12":4920,"2021-03-23":2820673,"2020-03-15":6480,"2021-03-22":2809168,"2020-03-14":5837,"2021-03-21":2801130,"2020-03-17":7974,"2021-03-20":2795264,"2020-03-16":7156,"2020-03-08":3805,"2020-03-07":3565,"2020-03-09":3995,"2021-03-19":2786574,"2021-03-18":2775482,"2021-03-17":2764450,"2021-03-16":2754172,"2020-03-22":14905,"2021-03-15":2743603,"2020-03-21":13213,"2021-03-14":2736154,"2020-03-24":19152,"2021-03-13":2730192,"2020-03-23":16858,"2021-03-12":2721760,"2020-03-26":25012,"2021-03-11":2711637,"2020-03-25":21973,"2021-03-10":2701437,"2020-03-28":32253,"2020-03-27":28506,"2020-03-20":11489,"2020-03-19":10001,"2020-03-18":8886,"2021-03-09":2691375,"2021-03-08":2680728,"2021-03-07":2673645,"2021-03-06":2667741,"2020-02-20":2248,"2020-02-21":2252,"2020-02-22":2459,"2020-02-23":2470,"2020-02-24":2630,"2020-02-25":2710,"2020-02-26":2771,"2020-02-27":2814,"2020-02-17":1868,"2020-02-18":2008,"2020-02-19":2123,"2020-03-02":3085,"2020-03-01":2996,"2020-03-04":3255,"2020-03-03":3160,"2020-03-06":3461,"2020-03-05":3349,"2020-02-28":2873,"2020-02-29":2942,"2020-01-30":171,"2020-01-31":213,"2020-02-01":259,"2020-02-02":362,"2020-02-03":426,"2020-02-04":492,"2020-02-05":564,"2020-01-27":82,"2020-01-28":131,"2020-01-29":133,"2020-02-10":1013,"2020-02-11":1113,"2020-02-12":1118,"2020-02-13":1371,"2020-02-14":1523,"2020-02-15":1666,"2020-02-16":1770,"2020-02-06":634,"2020-02-07":719,"2020-02-08":806,"2020-02-09":906,"2020-12-29":1851177,"2020-12-27":1826135,"2020-12-28":1835919,"2021-05-30":3654003,"2021-05-31":3662709,"2021-06-01":3678046,"2021-06-02":3689841,"2021-06-03":3699760,"2021-06-04":3710722,"2021-06-05":3719881,"2021-06-06":3726943,"2021-06-07":3735017,"2020-12-30":1866532,"2021-06-08":3745386,"2020-12-31":1879749,"2021-06-09":3755825,"2020-01-22":17,"2020-12-18":1734020,"2020-01-23":18,"2020-12-19":1744901,"2020-01-24":26,"2020-12-16":1707646,"2020-01-25":42,"2020-12-17":1721097,"2020-01-26":56,"2021-06-10":3771826,"2021-06-11":3783755,"2021-06-12":3793508,"2020-12-25":1811110,"2021-06-13":3802648,"2020-12-26":1818586,"2021-06-14":3810528,"2020-12-23":1790739,"2021-06-15":3821107,"2020-12-24":1802486,"2021-06-16":3831398,"2020-12-21":1762481,"2021-06-17":3840692,"2020-12-22":1776851,"2021-06-18":3849910,"2020-12-20":1752779,"2021-05-08":3390493,"2021-05-09":3400702,"2020-12-09":1626730,"2020-12-07":1601673,"2020-12-08":1614058,"2020-12-05":1585404,"2020-12-06":1592895,"2021-05-10":3411823,"2021-05-11":3426061,"2020-12-14":1679894,"2021-05-12":3439896,"2020-12-15":1693882,"2021-05-13":3453580,"2020-12-12":1663170,"2021-05-14":3466638,"2020-12-13":1670755,"2021-05-15":3478844,"2020-12-10":1639422,"2021-05-16":3488899,"2020-12-11":1652541,"2021-05-17":3500103,"2021-05-18":3514289,"2021-05-19":3527848,"2020-11-28":1508347,"2020-11-29":1515558,"2020-11-26":1487681,"2020-11-27":1499069,"2021-05-20":3540902,"2021-05-21":3553911,"2021-05-22":3565443,"2020-12-03":1562529,"2021-05-23":3575186,"2020-12-04":1575127,"2021-05-24":3584237,"2020-12-01":1537277,"2021-05-25":3597420,"2020-12-02":1549967,"2021-05-26":3610136,"2021-05-27":3623182,"2021-05-28":3635135,"2021-05-29":3645886,"2020-11-30":1524522,"2020-11-19":1415142,"2020-11-17":1392551,"2020-11-18":1404015,"2020-11-15":1373472,"2020-11-16":1381439,"2020-11-24":1464522,"2020-11-25":1476701,"2020-11-22":1443253,"2020-11-23":1451811,"2020-11-20":1426976,"2020-11-21":1435951,"2020-11-08":1310601,"2020-11-09":1317857,"2020-11-06":1297018,"2020-11-07":1304672,"2020-11-04":1279187,"2020-11-05":1287271,"2020-11-13":1357852,"2020-11-14":1367015,"2020-11-11":1338384,"2020-11-12":1348206,"2020-11-10":1327883,"2020-10-29":1234030,"2020-10-26":1212249,"2020-10-25":1206645,"2020-10-28":1226883,"2020-10-27":1219689,"2020-09-30":1064353,"2020-11-02":1259600,"2020-11-03":1269041,"2020-11-01":1253393,"2020-10-31":1248351,"2020-10-30":1241684,"2020-10-19":1170232,"2020-10-18":1165325,"2020-10-15":1149719,"2020-10-14":1143631,"2020-10-17":1161716,"2020-10-16":1156046,"2020-10-22":1189482,"2020-10-21":1183549,"2020-10-24":1202446,"2020-10-23":1196562,"2020-10-20":1176846,"2020-10-08":1112766,"2020-09-19":1005753,"2020-10-07":1106402,"2020-09-18":1000363,"2020-09-17":994543,"2020-10-09":1118977,"2020-09-16":988945,"2020-10-04":1087653,"2020-10-03":1083647,"2020-10-06":1100476,"2020-10-05":1094647,"2020-09-11":962863,"2020-09-10":956833,"2020-09-15":982995,"2020-09-14":976390,"2020-09-13":971856,"2020-09-12":967920,"2020-10-11":1127989,"2020-10-10":1123892,"2020-10-13":1137414,"2020-10-12":1132057,"2020-09-29":1057807,"2020-09-28":1051769,"2020-09-27":1047751,"2020-09-22":1020228,"2020-09-21":1014029,"2020-09-20":1009689,"2020-09-26":1043939,"2020-09-25":1038374,"2020-09-24":1032430,"2020-09-23":1025850,"2020-10-02":1078198,"2020-10-01":1073155,"2020-08-29":886955,"2020-08-28":881333,"2020-08-27":875470,"2020-08-26":869256,"2020-08-21":841169,"2020-08-20":835430,"2020-08-25":862698,"2020-08-24":856058,"2020-08-23":851237,"2020-08-22":846977,"2020-09-08":944544,"2020-09-07":939435,"2020-09-06":929860,"2020-09-05":925786,"2020-09-09":950818,"2020-08-31":895652,"2020-08-30":891277,"2020-09-04":920631,"2020-09-03":914743,"2020-09-02":908667,"2020-09-01":902318},"population":7444509223}}
2021-01-24
2197229
2020-08-07
755880
2021-01-25
2208459
2020-08-06
749186
2021-01-22
2174370
2020-08-05
742295
2021-01-23
2188105
2020-08-04
734810
2021-01-20
2140986
2021-01-21
2158143
2020-08-09
766753
2020-08-08
761952
2020-07-30
705689
2020-07-31
712270
2020-08-03
727819
2020-08-02
722754
2020-08-01
718351
2021-01-19
2122942
2021-01-17
2096220
2021-01-18
2105982
2021-01-15
2073757
2021-01-16
2087349
2021-01-13
2042960
2020-08-18
821901
2021-01-14
2058638
2020-08-17
814686
2021-01-11
2008801
2020-08-16
810163
2021-01-12
2026096
2020-08-15
805535
2021-01-10
1998452
2020-08-19
829019
2020-08-10
772480
2020-08-14
799530
2020-08-13
792868
2020-08-12
786039
2020-08-11
779093
2021-01-08
1976872
2021-01-09
1989886
2021-01-06
1946507
2021-01-07
1961627
2021-01-04
1915863
2021-01-05
1931393
2021-02-14
2471442
2020-07-16
620450
2021-02-15
2478841
2020-07-17
627494
2021-02-12
2454535
2020-07-14
608419
2021-02-13
2464854
2020-07-15
614265
2021-02-10
2427669
2021-02-11
2441402
2020-07-18
634064
2020-07-19
638745
2020-07-12
598091
2020-07-13
602404
2020-07-10
588507
2020-07-11
593716
2021-02-09
2413762
2021-02-07
2388741
2021-02-08
2397726
2021-02-05
2370134
2021-02-06
2380550
2021-02-03
2340054
2020-07-27
685314
2021-02-04
2352964
2020-07-28
692036
2021-02-01
2308649
2020-07-25
675757
2021-02-02
2323941
2020-07-26
680084
2021-01-31
2297968
2020-07-29
699047
2021-01-30
2289417
2020-07-20
642772
2020-07-23
663149
2020-07-24
669607
2020-07-21
649170
2020-07-22
656525
2021-01-28
2260408
2021-01-29
2275889
2021-01-26
2226066
2021-01-27
2243255
2020-06-26
518706
2020-06-27
523498
2020-06-24
508587
2020-06-25
513623
2020-06-28
527013
2020-06-29
531037
2020-06-22
497475
2020-06-23
503048
2020-06-20
489140
2020-06-21
493738
2020-07-05
560889
2020-07-06
565123
2020-07-03
552266
2020-07-04
557059
2020-07-09
582878
2020-07-07
571463
2020-07-08
577091
2020-06-30
536240
2020-07-01
541549
2020-07-02
546972
2021-01-02
1898158
2020-06-04
411108
2021-01-03
1905609
2020-06-05
416168
2020-06-02
399829
2021-01-01
1889573
2020-06-03
405670
2020-06-08
427734
2020-06-09
432943
2020-06-06
420383
2020-06-07
423569
2020-06-01
394627
2020-05-30
387957
2020-05-31
391115
2020-06-15
460237
2020-06-16
467375
2020-06-13
452758
2020-06-14
456400
2020-06-19
484623
2020-06-17
472931
2020-06-18
478239
2020-06-11
443487
2020-06-12
448296
2020-06-10
438419
2021-04-17
3109803
2020-05-14
314929
2021-04-16
3097255
2020-05-15
320569
2021-04-15
3084011
2020-05-12
303877
2021-04-14
3070343
2020-05-13
309358
2021-04-13
3056248
2020-05-18
332844
2021-04-12
3042432
2020-05-19
337984
2021-04-11
3032551
2020-05-16
325124
2021-04-10
3023176
2020-05-17
328692
2020-05-10
294040
2020-05-11
297975
2020-05-09
290029
2021-04-09
3010328
2021-04-08
2996438
2021-04-07
2981611
2021-04-06
2966287
2020-05-25
363338
2021-04-05
2953669
2020-05-26
368002
2021-04-04
2945949
2020-05-23
358247
2021-04-03
2938575
2020-05-24
361722
2021-04-02
2929452
2020-05-29
383572
2021-04-01
2918781
2020-05-27
373403
2021-03-31
2906377
2020-05-28
378413
2021-03-30
2893557
2020-05-21
348255
2020-05-22
353935
2020-05-20
343176
2021-05-01
3297426
2021-05-02
3307423
2021-05-03
3319224
2021-05-04
3333283
2021-05-05
3348163
2021-05-06
3362815
2021-03-29
2881465
2021-05-07
3377211
2021-03-28
2873007
2020-04-23
199194
2020-04-22
192163
2020-04-25
211993
2020-04-24
206139
2020-04-27
221244
2020-04-26
216238
2020-04-29
235032
2020-04-28
228062
2021-04-30
3284162
2020-04-21
185132
2020-04-20
177704
2020-04-19
171674
2021-04-29
3270147
2021-04-28
3254406
2020-05-03
256239
2021-04-27
3238359
2020-05-04
260841
2021-04-26
3223405
2020-05-01
246569
2021-04-25
3211777
2020-05-02
252393
2021-04-24
3201351
2020-05-07
279521
2021-04-23
3188066
2020-05-08
285434
2021-04-22
3172881
2020-05-05
266963
2021-04-21
3158996
2020-05-06
273830
2021-04-20
3144050
2020-04-30
241088
2021-04-19
3129740
2021-04-18
3118850
2021-03-05
2659654
2020-04-01
50633
2021-03-04
2648992
2021-03-03
2638700
2020-04-03
62702
2021-03-02
2626974
2020-04-02
56527
2021-03-01
2616599
2020-04-05
73888
2020-04-04
68654
2020-04-07
88160
2020-04-06
79856
2020-03-31
44623
2020-03-30
39860
2020-03-29
35768
2021-02-27
2602613
2021-02-28
2608732
2021-02-25
2583285
2020-04-12
122499
2021-02-26
2593987
2020-04-11
116560
2021-02-23
2560226
2020-04-14
135626
2021-02-24
2572640
2020-04-13
128553
2021-02-21
2541081
2020-04-16
151579
2021-02-22
2548513
2020-04-15
144202
2020-04-18
166336
2021-02-20
2534715
2020-04-17
160105
2020-04-10
110301
2020-04-09
102873
2020-04-08
95001
2021-02-18
2514166
2021-02-19
2525872
2021-02-16
2490435
2021-02-17
2502327
2021-03-27
2865776
2020-03-11
4613
2021-03-26
2855647
2020-03-10
4269
2021-03-25
2842758
2020-03-13
5417
2021-03-24
2831078
2020-03-12
4920
2021-03-23
2820673
2020-03-15
6480
2021-03-22
2809168
2020-03-14
5837
2021-03-21
2801130
2020-03-17
7974
2021-03-20
2795264
2020-03-16
7156
2020-03-08
3805
2020-03-07
3565
2020-03-09
3995
2021-03-19
2786574
2021-03-18
2775482
2021-03-17
2764450
2021-03-16
2754172
2020-03-22
14905
2021-03-15
2743603
2020-03-21
13213
2021-03-14
2736154
2020-03-24
19152
2021-03-13
2730192
2020-03-23
16858
2021-03-12
2721760
2020-03-26
25012
2021-03-11
2711637
2020-03-25
21973
2021-03-10
2701437
2020-03-28
32253
2020-03-27
28506
2020-03-20
11489
2020-03-19
10001
2020-03-18
8886
2021-03-09
2691375
2021-03-08
2680728
2021-03-07
2673645
2021-03-06
2667741
2020-02-20
2248
2020-02-21
2252
2020-02-22
2459
2020-02-23
2470
2020-02-24
2630
2020-02-25
2710
2020-02-26
2771
2020-02-27
2814
2020-02-17
1868
2020-02-18
2008
2020-02-19
2123
2020-03-02
3085
2020-03-01
2996
2020-03-04
3255
2020-03-03
3160
2020-03-06
3461
2020-03-05
3349
2020-02-28
2873
2020-02-29
2942
2020-01-30
171
2020-01-31
213
2020-02-01
259
2020-02-02
362
2020-02-03
426
2020-02-04
492
2020-02-05
564
2020-01-27
82
2020-01-28
131
2020-01-29
133
2020-02-10
1013
2020-02-11
1113
2020-02-12
1118
2020-02-13
1371
2020-02-14
1523
2020-02-15
1666
2020-02-16
1770
2020-02-06
634
2020-02-07
719
2020-02-08
806
2020-02-09
906
2020-12-29
1851177
2020-12-27
1826135
2020-12-28
1835919
2021-05-30
3654003
2021-05-31
3662709
2021-06-01
3678046
2021-06-02
3689841
2021-06-03
3699760
2021-06-04
3710722
2021-06-05
3719881
2021-06-06
3726943
2021-06-07
3735017
2020-12-30
1866532
2021-06-08
3745386
2020-12-31
1879749
2021-06-09
3755825
2020-01-22
17
2020-12-18
1734020
2020-01-23
18
2020-12-19
1744901
2020-01-24
26
2020-12-16
1707646
2020-01-25
42
2020-12-17
1721097
2020-01-26
56
2021-06-10
3771826
2021-06-11
3783755
2021-06-12
3793508
2020-12-25
1811110
2021-06-13
3802648
2020-12-26
1818586
2021-06-14
3810528
2020-12-23
1790739
2021-06-15
3821107
2020-12-24
1802486
2021-06-16
3831398
2020-12-21
1762481
2021-06-17
3840692
2020-12-22
1776851
2021-06-18
3849910
2020-12-20
1752779
2021-05-08
3390493
2021-05-09
3400702
2020-12-09
1626730
2020-12-07
1601673
2020-12-08
1614058
2020-12-05
1585404
2020-12-06
1592895
2021-05-10
3411823
2021-05-11
3426061
2020-12-14
1679894
2021-05-12
3439896
2020-12-15
1693882
2021-05-13
3453580
2020-12-12
1663170
2021-05-14
3466638
2020-12-13
1670755
2021-05-15
3478844
2020-12-10
1639422
2021-05-16
3488899
2020-12-11
1652541
2021-05-17
3500103
2021-05-18
3514289
2021-05-19
3527848
2020-11-28
1508347
2020-11-29
1515558
2020-11-26
1487681
2020-11-27
1499069
2021-05-20
3540902
2021-05-21
3553911
2021-05-22
3565443
2020-12-03
1562529
2021-05-23
3575186
2020-12-04
1575127
2021-05-24
3584237
2020-12-01
1537277
2021-05-25
3597420
2020-12-02
1549967
2021-05-26
3610136
2021-05-27
3623182
2021-05-28
3635135
2021-05-29
3645886
2020-11-30
1524522
2020-11-19
1415142
2020-11-17
1392551
2020-11-18
1404015
2020-11-15
1373472
2020-11-16
1381439
2020-11-24
1464522
2020-11-25
1476701
2020-11-22
1443253
2020-11-23
1451811
2020-11-20
1426976
2020-11-21
1435951
2020-11-08
1310601
2020-11-09
1317857
2020-11-06
1297018
2020-11-07
1304672
2020-11-04
1279187
2020-11-05
1287271
2020-11-13
1357852
2020-11-14
1367015
2020-11-11
1338384
2020-11-12
1348206
2020-11-10
1327883
2020-10-29
1234030
2020-10-26
1212249
2020-10-25
1206645
2020-10-28
1226883
2020-10-27
1219689
2020-09-30
1064353
2020-11-02
1259600
2020-11-03
1269041
2020-11-01
1253393
2020-10-31
1248351
2020-10-30
1241684
2020-10-19
1170232
2020-10-18
1165325
2020-10-15
1149719
2020-10-14
1143631
2020-10-17
1161716
2020-10-16
1156046
2020-10-22
1189482
2020-10-21
1183549
2020-10-24
1202446
2020-10-23
1196562
2020-10-20
1176846
2020-10-08
1112766
2020-09-19
1005753
2020-10-07
1106402
2020-09-18
1000363
2020-09-17
994543
2020-10-09
1118977
2020-09-16
988945
2020-10-04
1087653
2020-10-03
1083647
2020-10-06
1100476
2020-10-05
1094647
2020-09-11
962863
2020-09-10
956833
2020-09-15
982995
2020-09-14
976390
2020-09-13
971856
2020-09-12
967920
2020-10-11
1127989
2020-10-10
1123892
2020-10-13
1137414
2020-10-12
1132057
2020-09-29
1057807
2020-09-28
1051769
2020-09-27
1047751
2020-09-22
1020228
2020-09-21
1014029
2020-09-20
1009689
2020-09-26
1043939
2020-09-25
1038374
2020-09-24
1032430
2020-09-23
1025850
2020-10-02
1078198
2020-10-01
1073155
2020-08-29
886955
2020-08-28
881333
2020-08-27
875470
2020-08-26
869256
2020-08-21
841169
2020-08-20
835430
2020-08-25
862698
2020-08-24
856058
2020-08-23
851237
2020-08-22
846977
2020-09-08
944544
2020-09-07
939435
2020-09-06
929860
2020-09-05
925786
2020-09-09
950818
2020-08-31
895652
2020-08-30
891277
2020-09-04
920631
2020-09-03
914743
2020-09-02
908667
2020-09-01
902318
]]></system-out>
  <system-err><![CDATA[]]></system-err>
</testsuite>
